[19-Oct-2025 17:31:16 Europe/Berlin] PHP Notice:  session_start(): Ignoring session_start() because a session is already active in C:\xampp\htdocs\combinedp\kerala-spices-ecommerce\src\includes\header.php on line 4
[19-Oct-2025 17:31:16 Europe/Berlin] PHP Fatal error:  Uncaught PDOException: SQLSTATE[42S02]: Base table or view not found: 1146 Table 'combined_db.products' doesn't exist in C:\xampp\htdocs\combinedp\kerala-spices-ecommerce\src\index.php:31
Stack trace:
#0 C:\xampp\htdocs\combinedp\kerala-spices-ecommerce\src\index.php(31): PDO->query('SELECT * FROM p...')
#1 {main}
  thrown in C:\xampp\htdocs\combinedp\kerala-spices-ecommerce\src\index.php on line 31
[19-Oct-2025 17:31:59 Europe/Berlin] PHP Notice:  session_start(): Ignoring session_start() because a session is already active in C:\xampp\htdocs\combinedp\kerala-spices-ecommerce\src\includes\header.php on line 4
[19-Oct-2025 17:31:59 Europe/Berlin] PHP Fatal error:  Uncaught PDOException: SQLSTATE[42S02]: Base table or view not found: 1146 Table 'combined_db.products' doesn't exist in C:\xampp\htdocs\combinedp\kerala-spices-ecommerce\src\index.php:31
Stack trace:
#0 C:\xampp\htdocs\combinedp\kerala-spices-ecommerce\src\index.php(31): PDO->query('SELECT * FROM p...')
#1 {main}
  thrown in C:\xampp\htdocs\combinedp\kerala-spices-ecommerce\src\index.php on line 31
[19-Oct-2025 17:47:59 Europe/Berlin] PHP Notice:  session_start(): Ignoring session_start() because a session is already active in C:\xampp\htdocs\combinedp\kerala-spices-ecommerce\src\includes\header.php on line 4
[19-Oct-2025 17:47:59 Europe/Berlin] PHP Fatal error:  Uncaught PDOException: SQLSTATE[42S02]: Base table or view not found: 1146 Table 'combined_db.products' doesn't exist in C:\xampp\htdocs\combinedp\kerala-spices-ecommerce\src\index.php:31
Stack trace:
#0 C:\xampp\htdocs\combinedp\kerala-spices-ecommerce\src\index.php(31): PDO->query('SELECT * FROM p...')
#1 {main}
  thrown in C:\xampp\htdocs\combinedp\kerala-spices-ecommerce\src\index.php on line 31
[19-Oct-2025 17:48:38 Europe/Berlin] PHP Notice:  session_start(): Ignoring session_start() because a session is already active in C:\xampp\htdocs\combinedp\kerala-spices-ecommerce\src\includes\header.php on line 4
[19-Oct-2025 17:48:38 Europe/Berlin] PHP Warning:  Undefined variable $result in C:\xampp\htdocs\combinedp\kerala-spices-ecommerce\src\index.php on line 40
[19-Oct-2025 17:48:38 Europe/Berlin] PHP Fatal error:  Uncaught Error: Call to a member function fetch_assoc() on null in C:\xampp\htdocs\combinedp\kerala-spices-ecommerce\src\index.php:40
Stack trace:
#0 {main}
  thrown in C:\xampp\htdocs\combinedp\kerala-spices-ecommerce\src\index.php on line 40
